<?xml version="1.0" encoding="UTF-8"?>
<!-- Generated by org.testng.reporters.JUnitXMLReporter -->
<testsuite hostname="DESKTOP-VEKUJ09" ignored="8" name="Command line test" tests="6" failures="0" timestamp="17 Aug 2019 15:35:19 GMT" time="0.107" errors="0">
  <testcase name="@BeforeMethod setUp" time="0.065" classname="com.demoaut.tests.FindFlightPageTest">
    <failure type="java.lang.IllegalStateException" message="The driver executable does not exist: C:\Users\pinou\Documents\QA  tester\JAVA JAR FILES\chromedriver.exe">
      <![CDATA[java.lang.IllegalStateException: The driver executable does not exist: C:\Users\pinou\Documents\QA  tester\JAVA JAR FILES\chromedriver.exe
at com.google.common.base.Preconditions.checkState(Preconditions.java:585)
at org.openqa.selenium.remote.service.DriverService.checkExecutable(DriverService.java:146)
at org.openqa.selenium.remote.service.DriverService.findExecutable(DriverService.java:141)
at org.openqa.selenium.chrome.ChromeDriverService.access$000(ChromeDriverService.java:35)
at org.openqa.selenium.chrome.ChromeDriverService$Builder.findDefaultExecutable(ChromeDriverService.java:159)
at org.openqa.selenium.remote.service.DriverService$Builder.build(DriverService.java:355)
at org.openqa.selenium.chrome.ChromeDriverService.createDefaultService(ChromeDriverService.java:94)
at org.openqa.selenium.chrome.ChromeDriver.<init>(ChromeDriver.java:123)
at com.demoaut.base.TestBase.initializeBrowser(TestBase.java:56)
at com.demoaut.tests.FindFlightPageTest.setUp(FindFlightPageTest.java:21)
... Removed 38 stack frames]]>
    </failure>
  </testcase> <!-- @BeforeMethod setUp -->
  <testcase name="@AfterMethod parame" time="0.0" classname="com.demoaut.base.TestBase">
    <skipped/>
  </testcase> <!-- @AfterMethod parame -->
  <testcase name="@BeforeMethod setUp" time="0.003" classname="com.demoaut.tests.LoginPageTest">
    <failure type="java.lang.IllegalStateException" message="The driver executable does not exist: C:\Users\pinou\Documents\QA  tester\JAVA JAR FILES\chromedriver.exe">
      <![CDATA[java.lang.IllegalStateException: The driver executable does not exist: C:\Users\pinou\Documents\QA  tester\JAVA JAR FILES\chromedriver.exe
at com.google.common.base.Preconditions.checkState(Preconditions.java:585)
at org.openqa.selenium.remote.service.DriverService.checkExecutable(DriverService.java:146)
at org.openqa.selenium.remote.service.DriverService.findExecutable(DriverService.java:141)
at org.openqa.selenium.chrome.ChromeDriverService.access$000(ChromeDriverService.java:35)
at org.openqa.selenium.chrome.ChromeDriverService$Builder.findDefaultExecutable(ChromeDriverService.java:159)
at org.openqa.selenium.remote.service.DriverService$Builder.build(DriverService.java:355)
at org.openqa.selenium.chrome.ChromeDriverService.createDefaultService(ChromeDriverService.java:94)
at org.openqa.selenium.chrome.ChromeDriver.<init>(ChromeDriver.java:123)
at com.demoaut.base.TestBase.initializeBrowser(TestBase.java:56)
at com.demoaut.tests.LoginPageTest.setUp(LoginPageTest.java:20)
... Removed 38 stack frames]]>
    </failure>
  </testcase> <!-- @BeforeMethod setUp -->
  <testcase name="@AfterMethod parame" time="0.0" classname="com.demoaut.base.TestBase">
    <skipped/>
  </testcase> <!-- @AfterMethod parame -->
  <testcase name="@BeforeMethod setUp" time="0.002" classname="com.demoaut.tests.RegisterPageTest">
    <failure type="java.lang.IllegalStateException" message="The driver executable does not exist: C:\Users\pinou\Documents\QA  tester\JAVA JAR FILES\chromedriver.exe">
      <![CDATA[java.lang.IllegalStateException: The driver executable does not exist: C:\Users\pinou\Documents\QA  tester\JAVA JAR FILES\chromedriver.exe
at com.google.common.base.Preconditions.checkState(Preconditions.java:585)
at org.openqa.selenium.remote.service.DriverService.checkExecutable(DriverService.java:146)
at org.openqa.selenium.remote.service.DriverService.findExecutable(DriverService.java:141)
at org.openqa.selenium.chrome.ChromeDriverService.access$000(ChromeDriverService.java:35)
at org.openqa.selenium.chrome.ChromeDriverService$Builder.findDefaultExecutable(ChromeDriverService.java:159)
at org.openqa.selenium.remote.service.DriverService$Builder.build(DriverService.java:355)
at org.openqa.selenium.chrome.ChromeDriverService.createDefaultService(ChromeDriverService.java:94)
at org.openqa.selenium.chrome.ChromeDriver.<init>(ChromeDriver.java:123)
at com.demoaut.base.TestBase.initializeBrowser(TestBase.java:56)
at com.demoaut.tests.RegisterPageTest.setUp(RegisterPageTest.java:17)
... Removed 38 stack frames]]>
    </failure>
  </testcase> <!-- @BeforeMethod setUp -->
  <testcase name="@AfterMethod parame" time="0.0" classname="com.demoaut.base.TestBase">
    <skipped/>
  </testcase> <!-- @AfterMethod parame -->
  <testcase name="@BeforeMethod setUp" time="0.003" classname="com.demoaut.tests.SelectFlightPageTest">
    <failure type="java.lang.IllegalStateException" message="The driver executable does not exist: C:\Users\pinou\Documents\QA  tester\JAVA JAR FILES\chromedriver.exe">
      <![CDATA[java.lang.IllegalStateException: The driver executable does not exist: C:\Users\pinou\Documents\QA  tester\JAVA JAR FILES\chromedriver.exe
at com.google.common.base.Preconditions.checkState(Preconditions.java:585)
at org.openqa.selenium.remote.service.DriverService.checkExecutable(DriverService.java:146)
at org.openqa.selenium.remote.service.DriverService.findExecutable(DriverService.java:141)
at org.openqa.selenium.chrome.ChromeDriverService.access$000(ChromeDriverService.java:35)
at org.openqa.selenium.chrome.ChromeDriverService$Builder.findDefaultExecutable(ChromeDriverService.java:159)
at org.openqa.selenium.remote.service.DriverService$Builder.build(DriverService.java:355)
at org.openqa.selenium.chrome.ChromeDriverService.createDefaultService(ChromeDriverService.java:94)
at org.openqa.selenium.chrome.ChromeDriver.<init>(ChromeDriver.java:123)
at com.demoaut.base.TestBase.initializeBrowser(TestBase.java:56)
at com.demoaut.tests.SelectFlightPageTest.setUp(SelectFlightPageTest.java:20)
... Removed 38 stack frames]]>
    </failure>
  </testcase> <!-- @BeforeMethod setUp -->
  <testcase name="@AfterMethod parame" time="0.0" classname="com.demoaut.base.TestBase">
    <skipped/>
  </testcase> <!-- @AfterMethod parame -->
  <testcase name="@BeforeMethod setUp" time="0.003" classname="com.demoaut.tests.SignOnPageTest">
    <failure type="java.lang.IllegalStateException" message="The driver executable does not exist: C:\Users\pinou\Documents\QA  tester\JAVA JAR FILES\chromedriver.exe">
      <![CDATA[java.lang.IllegalStateException: The driver executable does not exist: C:\Users\pinou\Documents\QA  tester\JAVA JAR FILES\chromedriver.exe
at com.google.common.base.Preconditions.checkState(Preconditions.java:585)
at org.openqa.selenium.remote.service.DriverService.checkExecutable(DriverService.java:146)
at org.openqa.selenium.remote.service.DriverService.findExecutable(DriverService.java:141)
at org.openqa.selenium.chrome.ChromeDriverService.access$000(ChromeDriverService.java:35)
at org.openqa.selenium.chrome.ChromeDriverService$Builder.findDefaultExecutable(ChromeDriverService.java:159)
at org.openqa.selenium.remote.service.DriverService$Builder.build(DriverService.java:355)
at org.openqa.selenium.chrome.ChromeDriverService.createDefaultService(ChromeDriverService.java:94)
at org.openqa.selenium.chrome.ChromeDriver.<init>(ChromeDriver.java:123)
at com.demoaut.base.TestBase.initializeBrowser(TestBase.java:56)
at com.demoaut.tests.SignOnPageTest.setUp(SignOnPageTest.java:19)
... Removed 38 stack frames]]>
    </failure>
  </testcase> <!-- @BeforeMethod setUp -->
  <testcase name="@AfterMethod parame" time="0.0" classname="com.demoaut.base.TestBase">
    <skipped/>
  </testcase> <!-- @AfterMethod parame -->
  <testcase name="@BeforeMethod setUp" time="0.0" classname="com.demoaut.tests.FindFlightPageTest">
    <skipped/>
  </testcase> <!-- @BeforeMethod setUp -->
  <testcase name="@AfterMethod parame" time="0.0" classname="com.demoaut.base.TestBase">
    <skipped/>
  </testcase> <!-- @AfterMethod parame -->
  <testcase name="verifyFindFlightsPageTitleTest" time="0.0" classname="com.demoaut.tests.FindFlightPageTest">
    <skipped/>
  </testcase> <!-- verifyFindFlightsPageTitleTest -->
  <testcase name="verifyLoginPageTitleTest" time="0.0" classname="com.demoaut.tests.LoginPageTest">
    <skipped/>
  </testcase> <!-- verifyLoginPageTitleTest -->
  <testcase name="verifyRegisterPageTitleTest" time="0.0" classname="com.demoaut.tests.RegisterPageTest">
    <skipped/>
  </testcase> <!-- verifyRegisterPageTitleTest -->
  <testcase name="verifySelectFlightPageTitleTest" time="0.0" classname="com.demoaut.tests.SelectFlightPageTest">
    <skipped/>
  </testcase> <!-- verifySelectFlightPageTitleTest -->
  <testcase name="verifySignOnPageTitleTest" time="0.0" classname="com.demoaut.tests.SignOnPageTest">
    <skipped/>
  </testcase> <!-- verifySignOnPageTitleTest -->
  <testcase name="verifyFlightDetailsLabelTest" time="0.0" classname="com.demoaut.tests.FindFlightPageTest">
    <skipped/>
  </testcase> <!-- verifyFlightDetailsLabelTest -->
  <testcase name="@AfterSuite flush" time="0.0" classname="com.demoaut.base.TestBase">
    <ignored/>
  </testcase> <!-- @AfterSuite flush -->
  <testcase name="@AfterSuite flush" time="0.0" classname="com.demoaut.base.TestBase">
    <ignored/>
  </testcase> <!-- @AfterSuite flush -->
  <testcase name="@AfterSuite flush" time="0.0" classname="com.demoaut.base.TestBase">
    <ignored/>
  </testcase> <!-- @AfterSuite flush -->
  <testcase name="@AfterSuite flush" time="0.0" classname="com.demoaut.base.TestBase">
    <ignored/>
  </testcase> <!-- @AfterSuite flush -->
  <testcase name="@BeforeSuite initReprt" time="0.0" classname="com.demoaut.base.TestBase">
    <ignored/>
  </testcase> <!-- @BeforeSuite initReprt -->
  <testcase name="@BeforeSuite initReprt" time="0.0" classname="com.demoaut.base.TestBase">
    <ignored/>
  </testcase> <!-- @BeforeSuite initReprt -->
  <testcase name="@BeforeSuite initReprt" time="0.0" classname="com.demoaut.base.TestBase">
    <ignored/>
  </testcase> <!-- @BeforeSuite initReprt -->
  <testcase name="@BeforeSuite initReprt" time="0.0" classname="com.demoaut.base.TestBase">
    <ignored/>
  </testcase> <!-- @BeforeSuite initReprt -->
</testsuite> <!-- Command line test -->
