<?xml version="1.0" encoding="UTF-8" ?>
<testsuite tests="19" failures="5" name="TestSuite" time="13.057" errors="0" skipped="14">
  <properties>
    <property name="java.runtime.name" value="Java(TM) SE Runtime Environment"/>
    <property name="sun.boot.library.path" value="C:\Program Files\Java\jdk1.8.0_191\jre\bin"/>
    <property name="java.vm.version" value="25.191-b12"/>
    <property name="java.vm.vendor" value="Oracle Corporation"/>
    <property name="maven.multiModuleProjectDirectory" value="C:\Users\ara\eclipse-workspace\com.test.DEMOAUT"/>
    <property name="java.vendor.url" value="http://java.oracle.com/"/>
    <property name="path.separator" value=";"/>
    <property name="guice.disable.misplaced.annotation.check" value="true"/>
    <property name="java.vm.name" value="Java HotSpot(TM) 64-Bit Server VM"/>
    <property name="file.encoding.pkg" value="sun.io"/>
    <property name="user.script" value=""/>
    <property name="user.country" value="US"/>
    <property name="sun.java.launcher" value="SUN_STANDARD"/>
    <property name="sun.os.patch.level" value=""/>
    <property name="java.vm.specification.name" value="Java Virtual Machine Specification"/>
    <property name="user.dir" value="C:\Users\ara\eclipse-workspace\com.test.DEMOAUT"/>
    <property name="java.runtime.version" value="1.8.0_191-b12"/>
    <property name="java.awt.graphicsenv" value="sun.awt.Win32GraphicsEnvironment"/>
    <property name="java.endorsed.dirs" value="C:\Program Files\Java\jdk1.8.0_191\jre\lib\endorsed"/>
    <property name="os.arch" value="amd64"/>
    <property name="java.io.tmpdir" value="C:\Users\ara\AppData\Local\Temp\"/>
    <property name="line.separator" value="
"/>
    <property name="java.vm.specification.vendor" value="Oracle Corporation"/>
    <property name="user.variant" value=""/>
    <property name="os.name" value="Windows 10"/>
    <property name="classworlds.conf" value="C:\Users\ara\eclipse-workspace\.metadata\.plugins\org.eclipse.m2e.launching\launches\m2conf4198375977616034539.tmp"/>
    <property name="sun.jnu.encoding" value="Cp1252"/>
    <property name="java.library.path" value="C:\Program Files\Java\jdk1.8.0_191\bin;C:\WINDOWS\Sun\Java\bin;C:\WINDOWS\system32;C:\WINDOWS;C:/Program Files/Java/jre1.8.0_191/bin/server;C:/Program Files/Java/jre1.8.0_191/bin;C:/Program Files/Java/jre1.8.0_191/lib/amd64;C:\Program Files (x86)\Common Files\Oracle\Java\javapath;C:\WINDOWS\system32;C:\WINDOWS;C:\WINDOWS\System32\Wbem;C:\WINDOWS\System32\WindowsPowerShell\v1.0\;C:\WINDOWS\System32\OpenSSH\;C:\Program Files\apache-maven-3.6.0\bin;C:\Program Files\Git\cmd;C:\Program Files\Git\mingw64\bin;C:\Program Files\Git\usr\bin;C:\Program Files\PuTTY\;C:\Users\ara\AppData\Local\Microsoft\WindowsApps;;C:\Users\ara\Desktop\eclipse;;."/>
    <property name="java.specification.name" value="Java Platform API Specification"/>
    <property name="java.class.version" value="52.0"/>
    <property name="sun.management.compiler" value="HotSpot 64-Bit Tiered Compilers"/>
    <property name="os.version" value="10.0"/>
    <property name="user.home" value="C:\Users\ara"/>
    <property name="user.timezone" value="America/New_York"/>
    <property name="java.awt.printerjob" value="sun.awt.windows.WPrinterJob"/>
    <property name="java.specification.version" value="1.8"/>
    <property name="file.encoding" value="Cp1252"/>
    <property name="user.name" value="ara"/>
    <property name="java.class.path" value="C:\Users\ara\Desktop\eclipse\plugins\org.eclipse.m2e.maven.runtime_1.9.1.20180912-1600\jars\plexus-classworlds-2.5.2.jar"/>
    <property name="java.vm.specification.version" value="1.8"/>
    <property name="sun.arch.data.model" value="64"/>
    <property name="java.home" value="C:\Program Files\Java\jdk1.8.0_191\jre"/>
    <property name="sun.java.command" value="org.codehaus.plexus.classworlds.launcher.Launcher -B install"/>
    <property name="java.specification.vendor" value="Oracle Corporation"/>
    <property name="user.language" value="en"/>
    <property name="awt.toolkit" value="sun.awt.windows.WToolkit"/>
    <property name="java.vm.info" value="mixed mode"/>
    <property name="java.version" value="1.8.0_191"/>
    <property name="java.ext.dirs" value="C:\Program Files\Java\jdk1.8.0_191\jre\lib\ext;C:\WINDOWS\Sun\Java\lib\ext"/>
    <property name="sun.boot.class.path" value="C:\Program Files\Java\jdk1.8.0_191\jre\lib\resources.jar;C:\Program Files\Java\jdk1.8.0_191\jre\lib\rt.jar;C:\Program Files\Java\jdk1.8.0_191\jre\lib\sunrsasign.jar;C:\Program Files\Java\jdk1.8.0_191\jre\lib\jsse.jar;C:\Program Files\Java\jdk1.8.0_191\jre\lib\jce.jar;C:\Program Files\Java\jdk1.8.0_191\jre\lib\charsets.jar;C:\Program Files\Java\jdk1.8.0_191\jre\lib\jfr.jar;C:\Program Files\Java\jdk1.8.0_191\jre\classes"/>
    <property name="java.vendor" value="Oracle Corporation"/>
    <property name="maven.home" value="C:\Users\ara\eclipse-workspace\com.test.DEMOAUT\EMBEDDED"/>
    <property name="file.separator" value="\"/>
    <property name="java.vendor.url.bug" value="http://bugreport.sun.com/bugreport/"/>
    <property name="sun.cpu.endian" value="little"/>
    <property name="sun.io.unicode.encoding" value="UnicodeLittle"/>
    <property name="sun.desktop" value="windows"/>
    <property name="sun.cpu.isalist" value="amd64"/>
  </properties>
  <testcase classname="com.demoaut.tests.FindFlightPageTest" name="setUp" time="0.673">
    <failure message="The driver executable does not exist: C:\Users\pinou\Documents\QA  tester\JAVA JAR FILES\chromedriver.exe" type="java.lang.IllegalStateException">java.lang.IllegalStateException: The driver executable does not exist: C:\Users\pinou\Documents\QA  tester\JAVA JAR FILES\chromedriver.exe
	at com.google.common.base.Preconditions.checkState(Preconditions.java:585)
	at org.openqa.selenium.remote.service.DriverService.checkExecutable(DriverService.java:146)
	at org.openqa.selenium.remote.service.DriverService.findExecutable(DriverService.java:141)
	at org.openqa.selenium.chrome.ChromeDriverService.access$000(ChromeDriverService.java:35)
	at org.openqa.selenium.chrome.ChromeDriverService$Builder.findDefaultExecutable(ChromeDriverService.java:159)
	at org.openqa.selenium.remote.service.DriverService$Builder.build(DriverService.java:355)
	at org.openqa.selenium.chrome.ChromeDriverService.createDefaultService(ChromeDriverService.java:94)
	at org.openqa.selenium.chrome.ChromeDriver.&lt;init&gt;(ChromeDriver.java:123)
	at com.demoaut.base.TestBase.initializeBrowser(TestBase.java:56)
	at com.demoaut.tests.FindFlightPageTest.setUp(FindFlightPageTest.java:21)
</failure>
    <system-out>Configuring TestNG with: org.apache.maven.surefire.testng.conf.TestNG652Configurator@2f333739
</system-out>
  </testcase>
  <testcase classname="com.demoaut.tests.FindFlightPageTest" name="verifyFindFlightsPageTitleTest" time="0.674">
    <skipped/>
  </testcase>
  <testcase classname="com.demoaut.tests.FindFlightPageTest" name="parame" time="0.674">
    <skipped/>
  </testcase>
  <testcase classname="com.demoaut.tests.LoginPageTest" name="setUp" time="0.677">
    <failure message="The driver executable does not exist: C:\Users\pinou\Documents\QA  tester\JAVA JAR FILES\chromedriver.exe" type="java.lang.IllegalStateException">java.lang.IllegalStateException: The driver executable does not exist: C:\Users\pinou\Documents\QA  tester\JAVA JAR FILES\chromedriver.exe
	at com.google.common.base.Preconditions.checkState(Preconditions.java:585)
	at org.openqa.selenium.remote.service.DriverService.checkExecutable(DriverService.java:146)
	at org.openqa.selenium.remote.service.DriverService.findExecutable(DriverService.java:141)
	at org.openqa.selenium.chrome.ChromeDriverService.access$000(ChromeDriverService.java:35)
	at org.openqa.selenium.chrome.ChromeDriverService$Builder.findDefaultExecutable(ChromeDriverService.java:159)
	at org.openqa.selenium.remote.service.DriverService$Builder.build(DriverService.java:355)
	at org.openqa.selenium.chrome.ChromeDriverService.createDefaultService(ChromeDriverService.java:94)
	at org.openqa.selenium.chrome.ChromeDriver.&lt;init&gt;(ChromeDriver.java:123)
	at com.demoaut.base.TestBase.initializeBrowser(TestBase.java:56)
	at com.demoaut.tests.LoginPageTest.setUp(LoginPageTest.java:20)
</failure>
  </testcase>
  <testcase classname="com.demoaut.tests.LoginPageTest" name="verifyLoginPageTitleTest" time="0.677">
    <skipped/>
  </testcase>
  <testcase classname="com.demoaut.tests.LoginPageTest" name="parame" time="0.677">
    <skipped/>
  </testcase>
  <testcase classname="com.demoaut.tests.RegisterPageTest" name="setUp" time="0.681">
    <failure message="The driver executable does not exist: C:\Users\pinou\Documents\QA  tester\JAVA JAR FILES\chromedriver.exe" type="java.lang.IllegalStateException">java.lang.IllegalStateException: The driver executable does not exist: C:\Users\pinou\Documents\QA  tester\JAVA JAR FILES\chromedriver.exe
	at com.google.common.base.Preconditions.checkState(Preconditions.java:585)
	at org.openqa.selenium.remote.service.DriverService.checkExecutable(DriverService.java:146)
	at org.openqa.selenium.remote.service.DriverService.findExecutable(DriverService.java:141)
	at org.openqa.selenium.chrome.ChromeDriverService.access$000(ChromeDriverService.java:35)
	at org.openqa.selenium.chrome.ChromeDriverService$Builder.findDefaultExecutable(ChromeDriverService.java:159)
	at org.openqa.selenium.remote.service.DriverService$Builder.build(DriverService.java:355)
	at org.openqa.selenium.chrome.ChromeDriverService.createDefaultService(ChromeDriverService.java:94)
	at org.openqa.selenium.chrome.ChromeDriver.&lt;init&gt;(ChromeDriver.java:123)
	at com.demoaut.base.TestBase.initializeBrowser(TestBase.java:56)
	at com.demoaut.tests.RegisterPageTest.setUp(RegisterPageTest.java:17)
</failure>
  </testcase>
  <testcase classname="com.demoaut.tests.RegisterPageTest" name="verifyRegisterPageTitleTest" time="0.682">
    <skipped/>
  </testcase>
  <testcase classname="com.demoaut.tests.RegisterPageTest" name="parame" time="0.682">
    <skipped/>
  </testcase>
  <testcase classname="com.demoaut.tests.SelectFlightPageTest" name="setUp" time="0.687">
    <failure message="The driver executable does not exist: C:\Users\pinou\Documents\QA  tester\JAVA JAR FILES\chromedriver.exe" type="java.lang.IllegalStateException">java.lang.IllegalStateException: The driver executable does not exist: C:\Users\pinou\Documents\QA  tester\JAVA JAR FILES\chromedriver.exe
	at com.google.common.base.Preconditions.checkState(Preconditions.java:585)
	at org.openqa.selenium.remote.service.DriverService.checkExecutable(DriverService.java:146)
	at org.openqa.selenium.remote.service.DriverService.findExecutable(DriverService.java:141)
	at org.openqa.selenium.chrome.ChromeDriverService.access$000(ChromeDriverService.java:35)
	at org.openqa.selenium.chrome.ChromeDriverService$Builder.findDefaultExecutable(ChromeDriverService.java:159)
	at org.openqa.selenium.remote.service.DriverService$Builder.build(DriverService.java:355)
	at org.openqa.selenium.chrome.ChromeDriverService.createDefaultService(ChromeDriverService.java:94)
	at org.openqa.selenium.chrome.ChromeDriver.&lt;init&gt;(ChromeDriver.java:123)
	at com.demoaut.base.TestBase.initializeBrowser(TestBase.java:56)
	at com.demoaut.tests.SelectFlightPageTest.setUp(SelectFlightPageTest.java:20)
</failure>
  </testcase>
  <testcase classname="com.demoaut.tests.SelectFlightPageTest" name="verifySelectFlightPageTitleTest" time="0.687">
    <skipped/>
  </testcase>
  <testcase classname="com.demoaut.tests.SelectFlightPageTest" name="parame" time="0.687">
    <skipped/>
  </testcase>
  <testcase classname="com.demoaut.tests.SignOnPageTest" name="setUp" time="0.691">
    <failure message="The driver executable does not exist: C:\Users\pinou\Documents\QA  tester\JAVA JAR FILES\chromedriver.exe" type="java.lang.IllegalStateException">java.lang.IllegalStateException: The driver executable does not exist: C:\Users\pinou\Documents\QA  tester\JAVA JAR FILES\chromedriver.exe
	at com.google.common.base.Preconditions.checkState(Preconditions.java:585)
	at org.openqa.selenium.remote.service.DriverService.checkExecutable(DriverService.java:146)
	at org.openqa.selenium.remote.service.DriverService.findExecutable(DriverService.java:141)
	at org.openqa.selenium.chrome.ChromeDriverService.access$000(ChromeDriverService.java:35)
	at org.openqa.selenium.chrome.ChromeDriverService$Builder.findDefaultExecutable(ChromeDriverService.java:159)
	at org.openqa.selenium.remote.service.DriverService$Builder.build(DriverService.java:355)
	at org.openqa.selenium.chrome.ChromeDriverService.createDefaultService(ChromeDriverService.java:94)
	at org.openqa.selenium.chrome.ChromeDriver.&lt;init&gt;(ChromeDriver.java:123)
	at com.demoaut.base.TestBase.initializeBrowser(TestBase.java:56)
	at com.demoaut.tests.SignOnPageTest.setUp(SignOnPageTest.java:19)
</failure>
  </testcase>
  <testcase classname="com.demoaut.tests.SignOnPageTest" name="verifySignOnPageTitleTest" time="0.691">
    <skipped/>
  </testcase>
  <testcase classname="com.demoaut.tests.SignOnPageTest" name="parame" time="0.691">
    <skipped/>
  </testcase>
  <testcase classname="com.demoaut.tests.FindFlightPageTest" name="setUp" time="0.691">
    <skipped/>
  </testcase>
  <testcase classname="com.demoaut.tests.FindFlightPageTest" name="verifyFlightDetailsLabelTest" time="0.691">
    <skipped/>
  </testcase>
  <testcase classname="com.demoaut.tests.FindFlightPageTest" name="parame" time="0.692">
    <skipped/>
  </testcase>
  <testcase classname="com.demoaut.tests.FindFlightPageTest" name="flush" time="0.752">
    <skipped/>
  </testcase>
</testsuite>